<?xml version="1.0" encoding="UTF-8"?>
<!-- Generated by org.testng.reporters.JUnitXMLReporter -->
<testsuite ignored="0" hostname="LIN41004955" failures="3" tests="3" name="Default test" time="36.215" errors="0" timestamp="2023-06-01T09:11:50 IST">
  <testcase classname="io.cucumber.testng.AbstractTestNGCucumberTests" name="runScenario" time="13.871">
    <failure type="java.lang.AssertionError" message="expected [Apollo 247 - Online Doctor Consultation &amp;amp; Book Lab Tests at Home] but found [Apollo 247 Page]">
      <![CDATA[java.lang.AssertionError: expected [Apollo 247 - Online Doctor Consultation & Book Lab Tests at Home] but found [Apollo 247 Page]
at org.testng.Assert.fail(Assert.java:110)
at org.testng.Assert.failNotEquals(Assert.java:1577)
at org.testng.Assert.assertEqualsImpl(Assert.java:149)
at org.testng.Assert.assertEquals(Assert.java:131)
at org.testng.Assert.assertEquals(Assert.java:655)
at org.testng.Assert.assertEquals(Assert.java:665)
at doctor_consult_stepdefinitions_1.Doctor_consult_page_steps_1.chrome_is_opened_and_apollo247_app_is_opened(Doctor_consult_page_steps_1.java:35)
at ✽.Chrome is opened and Apollo247 app is opened(file:///C:/Users/pkum1389/eclipse-workspace/Apollo_Dcotor_consult_prabhakar/src/test/resources/features/Doctor_consult_page1.feature:5)
]]>
    </failure>
  </testcase> <!-- runScenario -->
  <testcase classname="io.cucumber.testng.AbstractTestNGCucumberTests" name="runScenario" time="10.57">
    <failure type="java.lang.AssertionError" message="expected [Apollo 247 - Online Doctor Consultation &amp;amp; Book Lab Tests at Home] but found [Apollo 247 Page]">
      <![CDATA[java.lang.AssertionError: expected [Apollo 247 - Online Doctor Consultation & Book Lab Tests at Home] but found [Apollo 247 Page]
at org.testng.Assert.fail(Assert.java:110)
at org.testng.Assert.failNotEquals(Assert.java:1577)
at org.testng.Assert.assertEqualsImpl(Assert.java:149)
at org.testng.Assert.assertEquals(Assert.java:131)
at org.testng.Assert.assertEquals(Assert.java:655)
at org.testng.Assert.assertEquals(Assert.java:665)
at doctor_consult_stepdefinitions_1.Doctor_consult_page_steps_1.chrome_is_opened_and_apollo247_app_is_opened(Doctor_consult_page_steps_1.java:35)
at ✽.Chrome is opened and Apollo247 app is opened(file:///C:/Users/pkum1389/eclipse-workspace/Apollo_Dcotor_consult_prabhakar/src/test/resources/features/Doctor_consult_page1.feature:11)
]]>
    </failure>
  </testcase> <!-- runScenario -->
  <testcase classname="io.cucumber.testng.AbstractTestNGCucumberTests" name="runScenario" time="10.611">
    <failure type="java.lang.AssertionError" message="expected [Apollo 247 - Online Doctor Consultation &amp;amp; Book Lab Tests at Home] but found [Apollo 247 Page]">
      <![CDATA[java.lang.AssertionError: expected [Apollo 247 - Online Doctor Consultation & Book Lab Tests at Home] but found [Apollo 247 Page]
at org.testng.Assert.fail(Assert.java:110)
at org.testng.Assert.failNotEquals(Assert.java:1577)
at org.testng.Assert.assertEqualsImpl(Assert.java:149)
at org.testng.Assert.assertEquals(Assert.java:131)
at org.testng.Assert.assertEquals(Assert.java:655)
at org.testng.Assert.assertEquals(Assert.java:665)
at doctor_consult_stepdefinitions_1.Doctor_consult_page_steps_1.chrome_is_opened_and_apollo247_app_is_opened(Doctor_consult_page_steps_1.java:35)
at ✽.Chrome is opened and Apollo247 app is opened(file:///C:/Users/pkum1389/eclipse-workspace/Apollo_Dcotor_consult_prabhakar/src/test/resources/features/Doctor_consult_page1.feature:20)
]]>
    </failure>
  </testcase> <!-- runScenario -->
</testsuite> <!-- Default test -->
