<?xml version="1.0" encoding="UTF-8"?>
<testng-results ignored="0" total="3" passed="0" failed="3" skipped="0">
  <reporter-output>
  </reporter-output>
  <suite started-at="2023-06-01T09:11:14 IST" name="Default suite" finished-at="2023-06-01T09:11:50 IST" duration-ms="36215">
    <groups>
      <group name="cucumber">
        <method signature="AbstractTestNGCucumberTests.runScenario(io.cucumber.testng.PickleWrapper,io.cucumber.testng.FeatureWrapper)[pri:0, instance:testrunner.Doctor_consult_testrunner_1@196a42c3]" name="runScenario" class="io.cucumber.testng.AbstractTestNGCucumberTests"/>
      </group> <!-- cucumber -->
    </groups>
    <test started-at="2023-06-01T09:11:14 IST" name="Default test" finished-at="2023-06-01T09:11:50 IST" duration-ms="36215">
      <class name="testrunner.Doctor_consult_testrunner_1">
        <test-method is-config="true" signature="setUpClass(org.testng.ITestContext)[pri:0, instance:testrunner.Doctor_consult_testrunner_1@196a42c3]" started-at="2023-06-01T09:11:14 IST" name="setUpClass" finished-at="2023-06-01T09:11:15 IST" duration-ms="939" status="PASS">
          <params>
            <param index="0">
              <value>
                <![CDATA[org.testng.TestRunner@68c9e023]]>
              </value>
            </param>
          </params>
          <reporter-output>
          </reporter-output>
        </test-method> <!-- setUpClass -->
        <test-method signature="runScenario(io.cucumber.testng.PickleWrapper,io.cucumber.testng.FeatureWrapper)[pri:0, instance:testrunner.Doctor_consult_testrunner_1@196a42c3]" started-at="2023-06-01T09:11:15 IST" name="runScenario" description="Runs Cucumber Scenarios" data-provider="scenarios" finished-at="2023-06-01T09:11:29 IST" duration-ms="13871" status="FAIL">
          <params>
            <param index="0">
              <value>
                <![CDATA["Validate User navigates onto Doctor Consult Page"]]>
              </value>
            </param>
            <param index="1">
              <value>
                <![CDATA["Online Doctor Consultation"]]>
              </value>
            </param>
          </params>
          <exception class="java.lang.AssertionError">
            <message>
              <![CDATA[expected [Apollo 247 - Online Doctor Consultation & Book Lab Tests at Home] but found [Apollo 247 Page]]]>
            </message>
            <full-stacktrace>
              <![CDATA[java.lang.AssertionError: expected [Apollo 247 - Online Doctor Consultation & Book Lab Tests at Home] but found [Apollo 247 Page]
at org.testng.Assert.fail(Assert.java:110)
at org.testng.Assert.failNotEquals(Assert.java:1577)
at org.testng.Assert.assertEqualsImpl(Assert.java:149)
at org.testng.Assert.assertEquals(Assert.java:131)
at org.testng.Assert.assertEquals(Assert.java:655)
at org.testng.Assert.assertEquals(Assert.java:665)
at doctor_consult_stepdefinitions_1.Doctor_consult_page_steps_1.chrome_is_opened_and_apollo247_app_is_opened(Doctor_consult_page_steps_1.java:35)
at ✽.Chrome is opened and Apollo247 app is opened(file:///C:/Users/pkum1389/eclipse-workspace/Apollo_Dcotor_consult_prabhakar/src/test/resources/features/Doctor_consult_page1.feature:5)
]]>
            </full-stacktrace>
          </exception> <!-- java.lang.AssertionError -->
          <reporter-output>
          </reporter-output>
        </test-method> <!-- runScenario -->
        <test-method signature="runScenario(io.cucumber.testng.PickleWrapper,io.cucumber.testng.FeatureWrapper)[pri:0, instance:testrunner.Doctor_consult_testrunner_1@196a42c3]" started-at="2023-06-01T09:11:29 IST" name="runScenario" description="Runs Cucumber Scenarios" data-provider="scenarios" finished-at="2023-06-01T09:11:39 IST" duration-ms="10570" status="FAIL">
          <params>
            <param index="0">
              <value>
                <![CDATA["   Validate Doctor Consult page UI"]]>
              </value>
            </param>
            <param index="1">
              <value>
                <![CDATA["Online Doctor Consultation"]]>
              </value>
            </param>
          </params>
          <exception class="java.lang.AssertionError">
            <message>
              <![CDATA[expected [Apollo 247 - Online Doctor Consultation & Book Lab Tests at Home] but found [Apollo 247 Page]]]>
            </message>
            <full-stacktrace>
              <![CDATA[java.lang.AssertionError: expected [Apollo 247 - Online Doctor Consultation & Book Lab Tests at Home] but found [Apollo 247 Page]
at org.testng.Assert.fail(Assert.java:110)
at org.testng.Assert.failNotEquals(Assert.java:1577)
at org.testng.Assert.assertEqualsImpl(Assert.java:149)
at org.testng.Assert.assertEquals(Assert.java:131)
at org.testng.Assert.assertEquals(Assert.java:655)
at org.testng.Assert.assertEquals(Assert.java:665)
at doctor_consult_stepdefinitions_1.Doctor_consult_page_steps_1.chrome_is_opened_and_apollo247_app_is_opened(Doctor_consult_page_steps_1.java:35)
at ✽.Chrome is opened and Apollo247 app is opened(file:///C:/Users/pkum1389/eclipse-workspace/Apollo_Dcotor_consult_prabhakar/src/test/resources/features/Doctor_consult_page1.feature:11)
]]>
            </full-stacktrace>
          </exception> <!-- java.lang.AssertionError -->
          <reporter-output>
          </reporter-output>
        </test-method> <!-- runScenario -->
        <test-method signature="runScenario(io.cucumber.testng.PickleWrapper,io.cucumber.testng.FeatureWrapper)[pri:0, instance:testrunner.Doctor_consult_testrunner_1@196a42c3]" started-at="2023-06-01T09:11:39 IST" name="runScenario" description="Runs Cucumber Scenarios" data-provider="scenarios" finished-at="2023-06-01T09:11:50 IST" duration-ms="10611" status="FAIL">
          <params>
            <param index="0">
              <value>
                <![CDATA["   Validate Sort By on Doctor Consult Page"]]>
              </value>
            </param>
            <param index="1">
              <value>
                <![CDATA["Online Doctor Consultation"]]>
              </value>
            </param>
          </params>
          <exception class="java.lang.AssertionError">
            <message>
              <![CDATA[expected [Apollo 247 - Online Doctor Consultation & Book Lab Tests at Home] but found [Apollo 247 Page]]]>
            </message>
            <full-stacktrace>
              <![CDATA[java.lang.AssertionError: expected [Apollo 247 - Online Doctor Consultation & Book Lab Tests at Home] but found [Apollo 247 Page]
at org.testng.Assert.fail(Assert.java:110)
at org.testng.Assert.failNotEquals(Assert.java:1577)
at org.testng.Assert.assertEqualsImpl(Assert.java:149)
at org.testng.Assert.assertEquals(Assert.java:131)
at org.testng.Assert.assertEquals(Assert.java:655)
at org.testng.Assert.assertEquals(Assert.java:665)
at doctor_consult_stepdefinitions_1.Doctor_consult_page_steps_1.chrome_is_opened_and_apollo247_app_is_opened(Doctor_consult_page_steps_1.java:35)
at ✽.Chrome is opened and Apollo247 app is opened(file:///C:/Users/pkum1389/eclipse-workspace/Apollo_Dcotor_consult_prabhakar/src/test/resources/features/Doctor_consult_page1.feature:20)
]]>
            </full-stacktrace>
          </exception> <!-- java.lang.AssertionError -->
          <reporter-output>
          </reporter-output>
        </test-method> <!-- runScenario -->
        <test-method is-config="true" signature="tearDownClass()[pri:0, instance:testrunner.Doctor_consult_testrunner_1@196a42c3]" started-at="2023-06-01T09:11:50 IST" name="tearDownClass" finished-at="2023-06-01T09:11:50 IST" duration-ms="157" status="PASS">
          <reporter-output>
          </reporter-output>
        </test-method> <!-- tearDownClass -->
      </class> <!-- testrunner.Doctor_consult_testrunner_1 -->
    </test> <!-- Default test -->
  </suite> <!-- Default suite -->
</testng-results>
